app/build/intermediates/manifest_merge_blame_file/debug/manifest-merger-blame-debug-report.txt
1<?xml version="1.0" encoding="utf-8"?>
2<manifest xmlns:android="http://schemas.android.com/apk/res/android"
3    package="com.example.invbike"
4    android:versionCode="1"
5    android:versionName="1.0" >
6
7    <uses-sdk
8        android:minSdkVersion="30"
8-->src\main\AndroidManifest.xml
9        android:targetSdkVersion="33" />
9-->src\main\AndroidManifest.xml
10
11    <!-- Although the *SdkVersion is captured in gradle build files, this is required for non gradle builds -->
12    <!-- <uses-sdk android:minSdkVersion="14"/> -->
13    <uses-permission android:name="android.permission.ACCESS_NETWORK_STATE" />
13-->[com.google.firebase:firebase-database:20.2.0] AndroidManifest.xml:24:5-79
13-->[com.google.firebase:firebase-database:20.2.0] AndroidManifest.xml:24:22-76
14    <uses-permission android:name="android.permission.INTERNET" />
14-->[com.google.firebase:firebase-database:20.2.0] AndroidManifest.xml:25:5-67
14-->[com.google.firebase:firebase-database:20.2.0] AndroidManifest.xml:25:22-64
15
16    <permission
16-->[androidx.core:core:1.9.0] AndroidManifest.xml:22:5-24:47
17        android:name="com.example.invbike.DYNAMIC_RECEIVER_NOT_EXPORTED_PERMISSION"
17-->[androidx.core:core:1.9.0] AndroidManifest.xml:23:9-81
18        android:protectionLevel="signature" />
18-->[androidx.core:core:1.9.0] AndroidManifest.xml:24:9-44
19
20    <uses-permission android:name="com.example.invbike.DYNAMIC_RECEIVER_NOT_EXPORTED_PERMISSION" />
20-->[androidx.core:core:1.9.0] AndroidManifest.xml:26:5-97
20-->[androidx.core:core:1.9.0] AndroidManifest.xml:26:22-94
21
22    <application
22-->src\main\AndroidManifest.xml:5:5-21:19
23        android:allowBackup="true"
23-->src\main\AndroidManifest.xml:6:9-35
24        android:appComponentFactory="androidx.core.app.CoreComponentFactory"
24-->[androidx.core:core:1.9.0] AndroidManifest.xml:28:18-86
25        android:debuggable="true"
26        android:extractNativeLibs="false"
27        android:icon="@mipmap/ic_launcher"
27-->src\main\AndroidManifest.xml:7:9-43
28        android:label="@string/app_name"
28-->src\main\AndroidManifest.xml:8:9-41
29        android:roundIcon="@mipmap/ic_launcher_round"
29-->src\main\AndroidManifest.xml:9:9-54
30        android:supportsRtl="true"
30-->src\main\AndroidManifest.xml:10:9-35
31        android:theme="@style/Theme.InvBike" >
31-->src\main\AndroidManifest.xml:11:9-45
32        <activity
32-->src\main\AndroidManifest.xml:12:9-20:20
33            android:name="com.example.invbike.MainActivity"
33-->src\main\AndroidManifest.xml:13:13-41
34            android:exported="true" >
34-->src\main\AndroidManifest.xml:14:13-36
35            <intent-filter>
35-->src\main\AndroidManifest.xml:15:13-19:29
36                <action android:name="android.intent.action.MAIN" />
36-->src\main\AndroidManifest.xml:16:17-69
36-->src\main\AndroidManifest.xml:16:25-66
37
38                <category android:name="android.intent.category.LAUNCHER" />
38-->src\main\AndroidManifest.xml:18:17-77
38-->src\main\AndroidManifest.xml:18:27-74
39            </intent-filter>
40        </activity>
41
42        <service
42-->[com.google.firebase:firebase-database-ktx:20.2.0] AndroidManifest.xml:11:9-17:19
43            android:name="com.google.firebase.components.ComponentDiscoveryService"
43-->[com.google.firebase:firebase-database-ktx:20.2.0] AndroidManifest.xml:12:13-84
44            android:directBootAware="true"
44-->[com.google.firebase:firebase-common:20.3.2] AndroidManifest.xml:34:13-43
45            android:exported="false" >
45-->[com.google.firebase:firebase-database-ktx:20.2.0] AndroidManifest.xml:13:13-37
46            <meta-data
46-->[com.google.firebase:firebase-database-ktx:20.2.0] AndroidManifest.xml:14:13-16:85
47                android:name="com.google.firebase.components:com.google.firebase.database.ktx.FirebaseDatabaseKtxRegistrar"
47-->[com.google.firebase:firebase-database-ktx:20.2.0] AndroidManifest.xml:15:17-124
48                android:value="com.google.firebase.components.ComponentRegistrar" />
48-->[com.google.firebase:firebase-database-ktx:20.2.0] AndroidManifest.xml:16:17-82
49            <meta-data
49-->[com.google.firebase:firebase-common-ktx:20.3.2] AndroidManifest.xml:14:13-16:85
50                android:name="com.google.firebase.components:com.google.firebase.ktx.FirebaseCommonKtxRegistrar"
50-->[com.google.firebase:firebase-common-ktx:20.3.2] AndroidManifest.xml:15:17-113
51                android:value="com.google.firebase.components.ComponentRegistrar" />
51-->[com.google.firebase:firebase-common-ktx:20.3.2] AndroidManifest.xml:16:17-82
52            <meta-data
52-->[com.google.firebase:firebase-database:20.2.0] AndroidManifest.xml:31:13-33:85
53                android:name="com.google.firebase.components:com.google.firebase.database.DatabaseRegistrar"
53-->[com.google.firebase:firebase-database:20.2.0] AndroidManifest.xml:32:17-109
54                android:value="com.google.firebase.components.ComponentRegistrar" />
54-->[com.google.firebase:firebase-database:20.2.0] AndroidManifest.xml:33:17-82
55        </service>
56
57        <provider
57-->[com.google.firebase:firebase-common:20.3.2] AndroidManifest.xml:25:9-30:39
58            android:name="com.google.firebase.provider.FirebaseInitProvider"
58-->[com.google.firebase:firebase-common:20.3.2] AndroidManifest.xml:26:13-77
59            android:authorities="com.example.invbike.firebaseinitprovider"
59-->[com.google.firebase:firebase-common:20.3.2] AndroidManifest.xml:27:13-72
60            android:directBootAware="true"
60-->[com.google.firebase:firebase-common:20.3.2] AndroidManifest.xml:28:13-43
61            android:exported="false"
61-->[com.google.firebase:firebase-common:20.3.2] AndroidManifest.xml:29:13-37
62            android:initOrder="100" />
62-->[com.google.firebase:firebase-common:20.3.2] AndroidManifest.xml:30:13-36
63
64        <activity
64-->[com.google.android.gms:play-services-base:18.1.0] AndroidManifest.xml:20:9-22:45
65            android:name="com.google.android.gms.common.api.GoogleApiActivity"
65-->[com.google.android.gms:play-services-base:18.1.0] AndroidManifest.xml:20:19-85
66            android:exported="false"
66-->[com.google.android.gms:play-services-base:18.1.0] AndroidManifest.xml:22:19-43
67            android:theme="@android:style/Theme.Translucent.NoTitleBar" />
67-->[com.google.android.gms:play-services-base:18.1.0] AndroidManifest.xml:21:19-78
68
69        <meta-data
69-->[com.google.android.gms:play-services-basement:18.1.0] AndroidManifest.xml:21:9-23:69
70            android:name="com.google.android.gms.version"
70-->[com.google.android.gms:play-services-basement:18.1.0] AndroidManifest.xml:22:13-58
71            android:value="@integer/google_play_services_version" />
71-->[com.google.android.gms:play-services-basement:18.1.0] AndroidManifest.xml:23:13-66
72
73        <provider
73-->[androidx.emoji2:emoji2:1.0.0] AndroidManifest.xml:26:9-34:20
74            android:name="androidx.startup.InitializationProvider"
74-->[androidx.emoji2:emoji2:1.0.0] AndroidManifest.xml:27:13-67
75            android:authorities="com.example.invbike.androidx-startup"
75-->[androidx.emoji2:emoji2:1.0.0] AndroidManifest.xml:28:13-68
76            android:exported="false" >
76-->[androidx.emoji2:emoji2:1.0.0] AndroidManifest.xml:29:13-37
77            <meta-data
77-->[androidx.emoji2:emoji2:1.0.0] AndroidManifest.xml:31:13-33:52
78                android:name="androidx.emoji2.text.EmojiCompatInitializer"
78-->[androidx.emoji2:emoji2:1.0.0] AndroidManifest.xml:32:17-75
79                android:value="androidx.startup" />
79-->[androidx.emoji2:emoji2:1.0.0] AndroidManifest.xml:33:17-49
80            <meta-data
80-->[androidx.lifecycle:lifecycle-process:2.4.0] AndroidManifest.xml:31:13-33:52
81                android:name="androidx.lifecycle.ProcessLifecycleInitializer"
81-->[androidx.lifecycle:lifecycle-process:2.4.0] AndroidManifest.xml:32:17-78
82                android:value="androidx.startup" />
82-->[androidx.lifecycle:lifecycle-process:2.4.0] AndroidManifest.xml:33:17-49
83        </provider>
84    </application>
85
86</manifest>